2024-12-31 14:31:25,008 - INFO - NL_lr: epoch:0lr0.0005
2024-12-31 14:31:25,008 - INFO - PL_lr: epoch:0lr0.0005
2024-12-31 14:32:14,531 - INFO - -------Train Acc --------------------
2024-12-31 14:32:14,531 - INFO - PL epoch:1  accuracy: 0.7638
2024-12-31 14:32:14,531 - INFO - NL epoch:1  accuracy: 0.6498
2024-12-31 14:32:20,771 - INFO - ---------------------Test -----------------------
2024-12-31 14:32:20,771 - INFO - NL - Total accuracy of the network on the test images: 0.7572 
2024-12-31 14:32:26,977 - INFO - ---------------------Test -----------------------
2024-12-31 14:32:26,977 - INFO - PL - Total accuracy of the network on the test images: 0.8357 
2024-12-31 14:32:26,979 - INFO - NL_lr: epoch:1lr0.0005
2024-12-31 14:32:26,980 - INFO - PL_lr: epoch:1lr0.0005
2024-12-31 14:33:15,532 - INFO - -------Train Acc --------------------
2024-12-31 14:33:15,533 - INFO - PL epoch:2  accuracy: 0.8263
2024-12-31 14:33:15,533 - INFO - NL epoch:2  accuracy: 0.7061
2024-12-31 14:33:21,814 - INFO - ---------------------Test -----------------------
2024-12-31 14:33:21,814 - INFO - NL - Total accuracy of the network on the test images: 0.7334 
2024-12-31 14:33:28,309 - INFO - ---------------------Test -----------------------
2024-12-31 14:33:28,310 - INFO - PL - Total accuracy of the network on the test images: 0.8370 
2024-12-31 14:33:28,317 - INFO - NL_lr: epoch:2lr0.0005
2024-12-31 14:33:28,317 - INFO - PL_lr: epoch:2lr0.0005
2024-12-31 14:34:17,077 - INFO - -------Train Acc --------------------
2024-12-31 14:34:17,077 - INFO - PL epoch:3  accuracy: 0.8663
2024-12-31 14:34:17,077 - INFO - NL epoch:3  accuracy: 0.7488
2024-12-31 14:34:23,344 - INFO - ---------------------Test -----------------------
2024-12-31 14:34:23,344 - INFO - NL - Total accuracy of the network on the test images: 0.7728 
2024-12-31 14:34:29,647 - INFO - ---------------------Test -----------------------
2024-12-31 14:34:29,647 - INFO - PL - Total accuracy of the network on the test images: 0.8507 
2024-12-31 14:34:29,651 - INFO - NL_lr: epoch:3lr0.0005
2024-12-31 14:34:29,651 - INFO - PL_lr: epoch:3lr0.0005
2024-12-31 14:35:18,445 - INFO - -------Train Acc --------------------
2024-12-31 14:35:18,445 - INFO - PL epoch:4  accuracy: 0.8968
2024-12-31 14:35:18,445 - INFO - NL epoch:4  accuracy: 0.7794
2024-12-31 14:35:25,013 - INFO - ---------------------Test -----------------------
2024-12-31 14:35:25,014 - INFO - NL - Total accuracy of the network on the test images: 0.7930 
2024-12-31 14:35:31,353 - INFO - ---------------------Test -----------------------
2024-12-31 14:35:31,353 - INFO - PL - Total accuracy of the network on the test images: 0.8602 
2024-12-31 14:35:31,368 - INFO - NL_lr: epoch:4lr0.0005
2024-12-31 14:35:31,368 - INFO - PL_lr: epoch:4lr0.0005
2024-12-31 14:36:21,319 - INFO - -------Train Acc --------------------
2024-12-31 14:36:21,319 - INFO - PL epoch:5  accuracy: 0.9218
2024-12-31 14:36:21,319 - INFO - NL epoch:5  accuracy: 0.8044
2024-12-31 14:36:27,741 - INFO - ---------------------Test -----------------------
2024-12-31 14:36:27,741 - INFO - NL - Total accuracy of the network on the test images: 0.8246 
2024-12-31 14:36:34,130 - INFO - ---------------------Test -----------------------
2024-12-31 14:36:34,130 - INFO - PL - Total accuracy of the network on the test images: 0.8716 
2024-12-31 14:36:34,136 - INFO - NL_lr: epoch:5lr0.0005
2024-12-31 14:36:34,136 - INFO - PL_lr: epoch:5lr0.0005
2024-12-31 14:37:24,092 - INFO - -------Train Acc --------------------
2024-12-31 14:37:24,092 - INFO - PL epoch:6  accuracy: 0.9342
2024-12-31 14:37:24,092 - INFO - NL epoch:6  accuracy: 0.8152
2024-12-31 14:37:31,235 - INFO - ---------------------Test -----------------------
2024-12-31 14:37:31,235 - INFO - NL - Total accuracy of the network on the test images: 0.8152 
2024-12-31 14:37:37,838 - INFO - ---------------------Test -----------------------
2024-12-31 14:37:37,838 - INFO - PL - Total accuracy of the network on the test images: 0.8771 
2024-12-31 14:37:37,841 - INFO - NL_lr: epoch:6lr5e-05
2024-12-31 14:37:37,841 - INFO - PL_lr: epoch:6lr5e-05
2024-12-31 14:38:27,422 - INFO - -------Train Acc --------------------
2024-12-31 14:38:27,422 - INFO - PL epoch:7  accuracy: 0.9713
2024-12-31 14:38:27,422 - INFO - NL epoch:7  accuracy: 0.8483
2024-12-31 14:38:33,799 - INFO - ---------------------Test -----------------------
2024-12-31 14:38:33,800 - INFO - NL - Total accuracy of the network on the test images: 0.8364 
2024-12-31 14:38:40,105 - INFO - ---------------------Test -----------------------
2024-12-31 14:38:40,105 - INFO - PL - Total accuracy of the network on the test images: 0.8866 
2024-12-31 14:38:40,116 - INFO - NL_lr: epoch:7lr5e-05
2024-12-31 14:38:40,117 - INFO - PL_lr: epoch:7lr5e-05
2024-12-31 14:39:29,075 - INFO - -------Train Acc --------------------
2024-12-31 14:39:29,075 - INFO - PL epoch:8  accuracy: 0.9795
2024-12-31 14:39:29,075 - INFO - NL epoch:8  accuracy: 0.8584
2024-12-31 14:39:35,431 - INFO - ---------------------Test -----------------------
2024-12-31 14:39:35,431 - INFO - NL - Total accuracy of the network on the test images: 0.8403 
2024-12-31 14:39:41,704 - INFO - ---------------------Test -----------------------
2024-12-31 14:39:41,705 - INFO - PL - Total accuracy of the network on the test images: 0.8889 
2024-12-31 14:39:41,711 - INFO - NL_lr: epoch:8lr5e-05
2024-12-31 14:39:41,711 - INFO - PL_lr: epoch:8lr5e-05
2024-12-31 14:40:31,946 - INFO - -------Train Acc --------------------
2024-12-31 14:40:31,947 - INFO - PL epoch:9  accuracy: 0.9827
2024-12-31 14:40:31,947 - INFO - NL epoch:9  accuracy: 0.8634
2024-12-31 14:40:38,375 - INFO - ---------------------Test -----------------------
2024-12-31 14:40:38,375 - INFO - NL - Total accuracy of the network on the test images: 0.8491 
2024-12-31 14:40:44,725 - INFO - ---------------------Test -----------------------
2024-12-31 14:40:44,726 - INFO - PL - Total accuracy of the network on the test images: 0.8915 
2024-12-31 14:40:44,734 - INFO - NL_lr: epoch:9lr5e-05
2024-12-31 14:40:44,734 - INFO - PL_lr: epoch:9lr5e-05
2024-12-31 14:41:35,091 - INFO - -------Train Acc --------------------
2024-12-31 14:41:35,091 - INFO - PL epoch:10  accuracy: 0.9854
2024-12-31 14:41:35,091 - INFO - NL epoch:10  accuracy: 0.8697
2024-12-31 14:41:41,453 - INFO - ---------------------Test -----------------------
2024-12-31 14:41:41,453 - INFO - NL - Total accuracy of the network on the test images: 0.8491 
2024-12-31 14:41:47,951 - INFO - ---------------------Test -----------------------
2024-12-31 14:41:47,951 - INFO - PL - Total accuracy of the network on the test images: 0.8898 
2024-12-31 14:41:47,956 - INFO - NL_lr: epoch:10lr5e-05
2024-12-31 14:41:47,956 - INFO - PL_lr: epoch:10lr5e-05
2024-12-31 14:42:38,309 - INFO - -------Train Acc --------------------
2024-12-31 14:42:38,309 - INFO - PL epoch:11  accuracy: 0.9875
2024-12-31 14:42:38,309 - INFO - NL epoch:11  accuracy: 0.8747
2024-12-31 14:42:44,677 - INFO - ---------------------Test -----------------------
2024-12-31 14:42:44,677 - INFO - NL - Total accuracy of the network on the test images: 0.8527 
2024-12-31 14:42:51,135 - INFO - ---------------------Test -----------------------
2024-12-31 14:42:51,135 - INFO - PL - Total accuracy of the network on the test images: 0.8931 
2024-12-31 14:42:51,142 - INFO - NL_lr: epoch:11lr5e-05
2024-12-31 14:42:51,142 - INFO - PL_lr: epoch:11lr5e-05
2024-12-31 14:43:41,360 - INFO - -------Train Acc --------------------
2024-12-31 14:43:41,360 - INFO - PL epoch:12  accuracy: 0.9902
2024-12-31 14:43:41,360 - INFO - NL epoch:12  accuracy: 0.8778
2024-12-31 14:43:47,778 - INFO - ---------------------Test -----------------------
2024-12-31 14:43:47,779 - INFO - NL - Total accuracy of the network on the test images: 0.8507 
2024-12-31 14:43:54,246 - INFO - ---------------------Test -----------------------
2024-12-31 14:43:54,246 - INFO - PL - Total accuracy of the network on the test images: 0.8928 
2024-12-31 14:43:54,255 - INFO - NL_lr: epoch:12lr5e-06
2024-12-31 14:43:54,255 - INFO - PL_lr: epoch:12lr5e-06
2024-12-31 14:44:44,546 - INFO - -------Train Acc --------------------
2024-12-31 14:44:44,547 - INFO - PL epoch:13  accuracy: 0.9913
2024-12-31 14:44:44,547 - INFO - NL epoch:13  accuracy: 0.8839
2024-12-31 14:44:50,853 - INFO - ---------------------Test -----------------------
2024-12-31 14:44:50,854 - INFO - NL - Total accuracy of the network on the test images: 0.8540 
2024-12-31 14:44:57,078 - INFO - ---------------------Test -----------------------
2024-12-31 14:44:57,078 - INFO - PL - Total accuracy of the network on the test images: 0.8918 
2024-12-31 14:44:57,096 - INFO - NL_lr: epoch:13lr5e-06
2024-12-31 14:44:57,096 - INFO - PL_lr: epoch:13lr5e-06
2024-12-31 14:45:46,685 - INFO - -------Train Acc --------------------
2024-12-31 14:45:46,685 - INFO - PL epoch:14  accuracy: 0.9923
2024-12-31 14:45:46,685 - INFO - NL epoch:14  accuracy: 0.8835
2024-12-31 14:45:53,171 - INFO - ---------------------Test -----------------------
2024-12-31 14:45:53,171 - INFO - NL - Total accuracy of the network on the test images: 0.8546 
2024-12-31 14:45:59,656 - INFO - ---------------------Test -----------------------
2024-12-31 14:45:59,656 - INFO - PL - Total accuracy of the network on the test images: 0.8915 
2024-12-31 14:45:59,662 - INFO - NL_lr: epoch:14lr5e-06
2024-12-31 14:45:59,662 - INFO - PL_lr: epoch:14lr5e-06
2024-12-31 14:46:49,575 - INFO - -------Train Acc --------------------
2024-12-31 14:46:49,576 - INFO - PL epoch:15  accuracy: 0.9918
2024-12-31 14:46:49,576 - INFO - NL epoch:15  accuracy: 0.8861
2024-12-31 14:46:55,984 - INFO - ---------------------Test -----------------------
2024-12-31 14:46:55,985 - INFO - NL - Total accuracy of the network on the test images: 0.8569 
2024-12-31 14:47:02,458 - INFO - ---------------------Test -----------------------
2024-12-31 14:47:02,459 - INFO - PL - Total accuracy of the network on the test images: 0.8924 
2024-12-31 14:47:02,466 - INFO - Best PL test accuracy: 0.8931
2024-12-31 14:47:02,466 - INFO - Best NL test accuracy: 0.8569
2024-12-31 14:47:02,466 - INFO - Finished Training
