2024-12-31 13:28:47,969 - INFO - NL_lr: epoch:0lr0.0005
2024-12-31 13:28:47,969 - INFO - PL_lr: epoch:0lr0.0005
2024-12-31 13:29:38,379 - INFO - -------Train Acc --------------------
2024-12-31 13:29:38,380 - INFO - PL epoch:1  accuracy: 0.7654
2024-12-31 13:29:38,380 - INFO - NL epoch:1  accuracy: 0.6865
2024-12-31 13:29:45,162 - INFO - ---------------------Test -----------------------
2024-12-31 13:29:45,162 - INFO - NL - Total accuracy of the network on the test images: 0.7950 
2024-12-31 13:29:51,529 - INFO - ---------------------Test -----------------------
2024-12-31 13:29:51,530 - INFO - PL - Total accuracy of the network on the test images: 0.8341 
2024-12-31 13:29:51,536 - INFO - NL_lr: epoch:1lr0.0005
2024-12-31 13:29:51,536 - INFO - PL_lr: epoch:1lr0.0005
2024-12-31 13:30:42,058 - INFO - -------Train Acc --------------------
2024-12-31 13:30:42,058 - INFO - PL epoch:2  accuracy: 0.8302
2024-12-31 13:30:42,058 - INFO - NL epoch:2  accuracy: 0.7321
2024-12-31 13:30:48,445 - INFO - ---------------------Test -----------------------
2024-12-31 13:30:48,445 - INFO - NL - Total accuracy of the network on the test images: 0.7637 
2024-12-31 13:30:54,729 - INFO - ---------------------Test -----------------------
2024-12-31 13:30:54,729 - INFO - PL - Total accuracy of the network on the test images: 0.8501 
2024-12-31 13:30:54,735 - INFO - NL_lr: epoch:2lr0.0005
2024-12-31 13:30:54,736 - INFO - PL_lr: epoch:2lr0.0005
2024-12-31 13:31:43,852 - INFO - -------Train Acc --------------------
2024-12-31 13:31:43,852 - INFO - PL epoch:3  accuracy: 0.8725
2024-12-31 13:31:43,852 - INFO - NL epoch:3  accuracy: 0.7831
2024-12-31 13:31:50,303 - INFO - ---------------------Test -----------------------
2024-12-31 13:31:50,303 - INFO - NL - Total accuracy of the network on the test images: 0.7982 
2024-12-31 13:31:56,695 - INFO - ---------------------Test -----------------------
2024-12-31 13:31:56,695 - INFO - PL - Total accuracy of the network on the test images: 0.8478 
2024-12-31 13:31:56,698 - INFO - NL_lr: epoch:3lr0.0005
2024-12-31 13:31:56,698 - INFO - PL_lr: epoch:3lr0.0005
2024-12-31 13:32:46,400 - INFO - -------Train Acc --------------------
2024-12-31 13:32:46,400 - INFO - PL epoch:4  accuracy: 0.8955
2024-12-31 13:32:46,400 - INFO - NL epoch:4  accuracy: 0.8103
2024-12-31 13:32:52,762 - INFO - ---------------------Test -----------------------
2024-12-31 13:32:52,762 - INFO - NL - Total accuracy of the network on the test images: 0.8259 
2024-12-31 13:32:59,186 - INFO - ---------------------Test -----------------------
2024-12-31 13:32:59,187 - INFO - PL - Total accuracy of the network on the test images: 0.8507 
2024-12-31 13:32:59,192 - INFO - NL_lr: epoch:4lr0.0005
2024-12-31 13:32:59,193 - INFO - PL_lr: epoch:4lr0.0005
2024-12-31 13:33:48,961 - INFO - -------Train Acc --------------------
2024-12-31 13:33:48,961 - INFO - PL epoch:5  accuracy: 0.9134
2024-12-31 13:33:48,961 - INFO - NL epoch:5  accuracy: 0.8214
2024-12-31 13:33:55,440 - INFO - ---------------------Test -----------------------
2024-12-31 13:33:55,441 - INFO - NL - Total accuracy of the network on the test images: 0.8331 
2024-12-31 13:34:01,978 - INFO - ---------------------Test -----------------------
2024-12-31 13:34:01,978 - INFO - PL - Total accuracy of the network on the test images: 0.8667 
2024-12-31 13:34:01,983 - INFO - NL_lr: epoch:5lr0.0005
2024-12-31 13:34:01,983 - INFO - PL_lr: epoch:5lr0.0005
2024-12-31 13:34:51,749 - INFO - -------Train Acc --------------------
2024-12-31 13:34:51,749 - INFO - PL epoch:6  accuracy: 0.9326
2024-12-31 13:34:51,749 - INFO - NL epoch:6  accuracy: 0.8368
2024-12-31 13:34:58,481 - INFO - ---------------------Test -----------------------
2024-12-31 13:34:58,481 - INFO - NL - Total accuracy of the network on the test images: 0.8331 
2024-12-31 13:35:05,458 - INFO - ---------------------Test -----------------------
2024-12-31 13:35:05,458 - INFO - PL - Total accuracy of the network on the test images: 0.8686 
2024-12-31 13:35:05,465 - INFO - NL_lr: epoch:6lr5e-05
2024-12-31 13:35:05,466 - INFO - PL_lr: epoch:6lr5e-05
2024-12-31 13:35:55,392 - INFO - -------Train Acc --------------------
2024-12-31 13:35:55,392 - INFO - PL epoch:7  accuracy: 0.9696
2024-12-31 13:35:55,392 - INFO - NL epoch:7  accuracy: 0.8733
2024-12-31 13:36:01,916 - INFO - ---------------------Test -----------------------
2024-12-31 13:36:01,916 - INFO - NL - Total accuracy of the network on the test images: 0.8533 
2024-12-31 13:36:08,258 - INFO - ---------------------Test -----------------------
2024-12-31 13:36:08,258 - INFO - PL - Total accuracy of the network on the test images: 0.8879 
2024-12-31 13:36:08,264 - INFO - NL_lr: epoch:7lr5e-05
2024-12-31 13:36:08,264 - INFO - PL_lr: epoch:7lr5e-05
2024-12-31 13:36:57,219 - INFO - -------Train Acc --------------------
2024-12-31 13:36:57,219 - INFO - PL epoch:8  accuracy: 0.9783
2024-12-31 13:36:57,219 - INFO - NL epoch:8  accuracy: 0.8825
2024-12-31 13:37:03,670 - INFO - ---------------------Test -----------------------
2024-12-31 13:37:03,670 - INFO - NL - Total accuracy of the network on the test images: 0.8572 
2024-12-31 13:37:10,201 - INFO - ---------------------Test -----------------------
2024-12-31 13:37:10,202 - INFO - PL - Total accuracy of the network on the test images: 0.8931 
2024-12-31 13:37:10,207 - INFO - NL_lr: epoch:8lr5e-05
2024-12-31 13:37:10,208 - INFO - PL_lr: epoch:8lr5e-05
2024-12-31 13:38:00,553 - INFO - -------Train Acc --------------------
2024-12-31 13:38:00,553 - INFO - PL epoch:9  accuracy: 0.9826
2024-12-31 13:38:00,553 - INFO - NL epoch:9  accuracy: 0.8871
2024-12-31 13:38:07,111 - INFO - ---------------------Test -----------------------
2024-12-31 13:38:07,111 - INFO - NL - Total accuracy of the network on the test images: 0.8598 
2024-12-31 13:38:13,562 - INFO - ---------------------Test -----------------------
2024-12-31 13:38:13,562 - INFO - PL - Total accuracy of the network on the test images: 0.8928 
2024-12-31 13:38:13,566 - INFO - NL_lr: epoch:9lr5e-05
2024-12-31 13:38:13,566 - INFO - PL_lr: epoch:9lr5e-05
2024-12-31 13:39:03,526 - INFO - -------Train Acc --------------------
2024-12-31 13:39:03,527 - INFO - PL epoch:10  accuracy: 0.9862
2024-12-31 13:39:03,527 - INFO - NL epoch:10  accuracy: 0.8931
2024-12-31 13:39:09,885 - INFO - ---------------------Test -----------------------
2024-12-31 13:39:09,885 - INFO - NL - Total accuracy of the network on the test images: 0.8589 
2024-12-31 13:39:16,134 - INFO - ---------------------Test -----------------------
2024-12-31 13:39:16,134 - INFO - PL - Total accuracy of the network on the test images: 0.8937 
2024-12-31 13:39:16,139 - INFO - NL_lr: epoch:10lr5e-05
2024-12-31 13:39:16,139 - INFO - PL_lr: epoch:10lr5e-05
2024-12-31 13:40:05,835 - INFO - -------Train Acc --------------------
2024-12-31 13:40:05,835 - INFO - PL epoch:11  accuracy: 0.9862
2024-12-31 13:40:05,835 - INFO - NL epoch:11  accuracy: 0.8956
2024-12-31 13:40:12,308 - INFO - ---------------------Test -----------------------
2024-12-31 13:40:12,308 - INFO - NL - Total accuracy of the network on the test images: 0.8657 
2024-12-31 13:40:18,756 - INFO - ---------------------Test -----------------------
2024-12-31 13:40:18,756 - INFO - PL - Total accuracy of the network on the test images: 0.8911 
2024-12-31 13:40:18,771 - INFO - NL_lr: epoch:11lr5e-05
2024-12-31 13:40:18,772 - INFO - PL_lr: epoch:11lr5e-05
2024-12-31 13:41:08,587 - INFO - -------Train Acc --------------------
2024-12-31 13:41:08,587 - INFO - PL epoch:12  accuracy: 0.9871
2024-12-31 13:41:08,587 - INFO - NL epoch:12  accuracy: 0.9023
2024-12-31 13:41:15,178 - INFO - ---------------------Test -----------------------
2024-12-31 13:41:15,178 - INFO - NL - Total accuracy of the network on the test images: 0.8651 
2024-12-31 13:41:21,660 - INFO - ---------------------Test -----------------------
2024-12-31 13:41:21,660 - INFO - PL - Total accuracy of the network on the test images: 0.8934 
2024-12-31 13:41:21,664 - INFO - NL_lr: epoch:12lr5e-06
2024-12-31 13:41:21,664 - INFO - PL_lr: epoch:12lr5e-06
2024-12-31 13:42:12,265 - INFO - -------Train Acc --------------------
2024-12-31 13:42:12,265 - INFO - PL epoch:13  accuracy: 0.9893
2024-12-31 13:42:12,265 - INFO - NL epoch:13  accuracy: 0.9084
2024-12-31 13:42:18,714 - INFO - ---------------------Test -----------------------
2024-12-31 13:42:18,714 - INFO - NL - Total accuracy of the network on the test images: 0.8647 
2024-12-31 13:42:25,072 - INFO - ---------------------Test -----------------------
2024-12-31 13:42:25,072 - INFO - PL - Total accuracy of the network on the test images: 0.8941 
2024-12-31 13:42:25,083 - INFO - NL_lr: epoch:13lr5e-06
2024-12-31 13:42:25,083 - INFO - PL_lr: epoch:13lr5e-06
2024-12-31 13:43:14,901 - INFO - -------Train Acc --------------------
2024-12-31 13:43:14,901 - INFO - PL epoch:14  accuracy: 0.9897
2024-12-31 13:43:14,901 - INFO - NL epoch:14  accuracy: 0.9085
2024-12-31 13:43:21,452 - INFO - ---------------------Test -----------------------
2024-12-31 13:43:21,453 - INFO - NL - Total accuracy of the network on the test images: 0.8667 
2024-12-31 13:43:27,870 - INFO - ---------------------Test -----------------------
2024-12-31 13:43:27,870 - INFO - PL - Total accuracy of the network on the test images: 0.8934 
2024-12-31 13:43:27,874 - INFO - NL_lr: epoch:14lr5e-06
2024-12-31 13:43:27,875 - INFO - PL_lr: epoch:14lr5e-06
2024-12-31 13:44:17,556 - INFO - -------Train Acc --------------------
2024-12-31 13:44:17,556 - INFO - PL epoch:15  accuracy: 0.9903
2024-12-31 13:44:17,556 - INFO - NL epoch:15  accuracy: 0.9119
2024-12-31 13:44:24,040 - INFO - ---------------------Test -----------------------
2024-12-31 13:44:24,040 - INFO - NL - Total accuracy of the network on the test images: 0.8667 
2024-12-31 13:44:30,433 - INFO - ---------------------Test -----------------------
2024-12-31 13:44:30,433 - INFO - PL - Total accuracy of the network on the test images: 0.8947 
2024-12-31 13:44:30,442 - INFO - Best PL test accuracy: 0.8947
2024-12-31 13:44:30,442 - INFO - Best NL test accuracy: 0.8667
2024-12-31 13:44:30,442 - INFO - Finished Training
