2024-12-31 14:00:07,596 - INFO - NL_lr: epoch:0lr0.0005
2024-12-31 14:00:07,597 - INFO - PL_lr: epoch:0lr0.0005
2024-12-31 14:00:58,027 - INFO - -------Train Acc --------------------
2024-12-31 14:00:58,027 - INFO - PL epoch:1  accuracy: 0.7580
2024-12-31 14:00:58,027 - INFO - NL epoch:1  accuracy: 0.6645
2024-12-31 14:01:04,481 - INFO - ---------------------Test -----------------------
2024-12-31 14:01:04,482 - INFO - NL - Total accuracy of the network on the test images: 0.7712 
2024-12-31 14:01:10,946 - INFO - ---------------------Test -----------------------
2024-12-31 14:01:10,947 - INFO - PL - Total accuracy of the network on the test images: 0.8227 
2024-12-31 14:01:10,955 - INFO - NL_lr: epoch:1lr0.0005
2024-12-31 14:01:10,955 - INFO - PL_lr: epoch:1lr0.0005
2024-12-31 14:02:01,750 - INFO - -------Train Acc --------------------
2024-12-31 14:02:01,750 - INFO - PL epoch:2  accuracy: 0.8215
2024-12-31 14:02:01,750 - INFO - NL epoch:2  accuracy: 0.7087
2024-12-31 14:02:08,282 - INFO - ---------------------Test -----------------------
2024-12-31 14:02:08,282 - INFO - NL - Total accuracy of the network on the test images: 0.7484 
2024-12-31 14:02:15,247 - INFO - ---------------------Test -----------------------
2024-12-31 14:02:15,247 - INFO - PL - Total accuracy of the network on the test images: 0.8445 
2024-12-31 14:02:15,265 - INFO - NL_lr: epoch:2lr0.0005
2024-12-31 14:02:15,265 - INFO - PL_lr: epoch:2lr0.0005
2024-12-31 14:03:05,690 - INFO - -------Train Acc --------------------
2024-12-31 14:03:05,690 - INFO - PL epoch:3  accuracy: 0.8725
2024-12-31 14:03:05,690 - INFO - NL epoch:3  accuracy: 0.7726
2024-12-31 14:03:12,268 - INFO - ---------------------Test -----------------------
2024-12-31 14:03:12,269 - INFO - NL - Total accuracy of the network on the test images: 0.7966 
2024-12-31 14:03:18,870 - INFO - ---------------------Test -----------------------
2024-12-31 14:03:18,870 - INFO - PL - Total accuracy of the network on the test images: 0.8618 
2024-12-31 14:03:18,878 - INFO - NL_lr: epoch:3lr0.0005
2024-12-31 14:03:18,878 - INFO - PL_lr: epoch:3lr0.0005
2024-12-31 14:04:09,425 - INFO - -------Train Acc --------------------
2024-12-31 14:04:09,426 - INFO - PL epoch:4  accuracy: 0.8926
2024-12-31 14:04:09,426 - INFO - NL epoch:4  accuracy: 0.7862
2024-12-31 14:04:16,039 - INFO - ---------------------Test -----------------------
2024-12-31 14:04:16,039 - INFO - NL - Total accuracy of the network on the test images: 0.7907 
2024-12-31 14:04:22,657 - INFO - ---------------------Test -----------------------
2024-12-31 14:04:22,658 - INFO - PL - Total accuracy of the network on the test images: 0.8569 
2024-12-31 14:04:22,663 - INFO - NL_lr: epoch:4lr0.0005
2024-12-31 14:04:22,663 - INFO - PL_lr: epoch:4lr0.0005
2024-12-31 14:05:12,678 - INFO - -------Train Acc --------------------
2024-12-31 14:05:12,679 - INFO - PL epoch:5  accuracy: 0.9122
2024-12-31 14:05:12,679 - INFO - NL epoch:5  accuracy: 0.8058
2024-12-31 14:05:18,969 - INFO - ---------------------Test -----------------------
2024-12-31 14:05:18,969 - INFO - NL - Total accuracy of the network on the test images: 0.8191 
2024-12-31 14:05:25,326 - INFO - ---------------------Test -----------------------
2024-12-31 14:05:25,326 - INFO - PL - Total accuracy of the network on the test images: 0.8761 
2024-12-31 14:05:25,339 - INFO - NL_lr: epoch:5lr0.0005
2024-12-31 14:05:25,339 - INFO - PL_lr: epoch:5lr0.0005
2024-12-31 14:06:15,173 - INFO - -------Train Acc --------------------
2024-12-31 14:06:15,173 - INFO - PL epoch:6  accuracy: 0.9381
2024-12-31 14:06:15,173 - INFO - NL epoch:6  accuracy: 0.8289
2024-12-31 14:06:21,673 - INFO - ---------------------Test -----------------------
2024-12-31 14:06:21,673 - INFO - NL - Total accuracy of the network on the test images: 0.8269 
2024-12-31 14:06:28,140 - INFO - ---------------------Test -----------------------
2024-12-31 14:06:28,140 - INFO - PL - Total accuracy of the network on the test images: 0.8680 
2024-12-31 14:06:28,156 - INFO - NL_lr: epoch:6lr5e-05
2024-12-31 14:06:28,181 - INFO - PL_lr: epoch:6lr5e-05
2024-12-31 14:07:18,771 - INFO - -------Train Acc --------------------
2024-12-31 14:07:18,771 - INFO - PL epoch:7  accuracy: 0.9713
2024-12-31 14:07:18,771 - INFO - NL epoch:7  accuracy: 0.8617
2024-12-31 14:07:25,133 - INFO - ---------------------Test -----------------------
2024-12-31 14:07:25,133 - INFO - NL - Total accuracy of the network on the test images: 0.8471 
2024-12-31 14:07:31,513 - INFO - ---------------------Test -----------------------
2024-12-31 14:07:31,513 - INFO - PL - Total accuracy of the network on the test images: 0.8889 
2024-12-31 14:07:31,519 - INFO - NL_lr: epoch:7lr5e-05
2024-12-31 14:07:31,519 - INFO - PL_lr: epoch:7lr5e-05
2024-12-31 14:08:21,224 - INFO - -------Train Acc --------------------
2024-12-31 14:08:21,224 - INFO - PL epoch:8  accuracy: 0.9773
2024-12-31 14:08:21,224 - INFO - NL epoch:8  accuracy: 0.8687
2024-12-31 14:08:27,614 - INFO - ---------------------Test -----------------------
2024-12-31 14:08:27,614 - INFO - NL - Total accuracy of the network on the test images: 0.8543 
2024-12-31 14:08:33,940 - INFO - ---------------------Test -----------------------
2024-12-31 14:08:33,941 - INFO - PL - Total accuracy of the network on the test images: 0.8885 
2024-12-31 14:08:33,947 - INFO - NL_lr: epoch:8lr5e-05
2024-12-31 14:08:33,947 - INFO - PL_lr: epoch:8lr5e-05
2024-12-31 14:09:23,333 - INFO - -------Train Acc --------------------
2024-12-31 14:09:23,333 - INFO - PL epoch:9  accuracy: 0.9816
2024-12-31 14:09:23,333 - INFO - NL epoch:9  accuracy: 0.8775
2024-12-31 14:09:29,839 - INFO - ---------------------Test -----------------------
2024-12-31 14:09:29,840 - INFO - NL - Total accuracy of the network on the test images: 0.8566 
2024-12-31 14:09:36,241 - INFO - ---------------------Test -----------------------
2024-12-31 14:09:36,242 - INFO - PL - Total accuracy of the network on the test images: 0.8898 
2024-12-31 14:09:36,247 - INFO - NL_lr: epoch:9lr5e-05
2024-12-31 14:09:36,247 - INFO - PL_lr: epoch:9lr5e-05
2024-12-31 14:10:25,410 - INFO - -------Train Acc --------------------
2024-12-31 14:10:25,410 - INFO - PL epoch:10  accuracy: 0.9850
2024-12-31 14:10:25,410 - INFO - NL epoch:10  accuracy: 0.8821
2024-12-31 14:10:31,804 - INFO - ---------------------Test -----------------------
2024-12-31 14:10:31,804 - INFO - NL - Total accuracy of the network on the test images: 0.8569 
2024-12-31 14:10:37,988 - INFO - ---------------------Test -----------------------
2024-12-31 14:10:37,988 - INFO - PL - Total accuracy of the network on the test images: 0.8937 
2024-12-31 14:10:37,995 - INFO - NL_lr: epoch:10lr5e-05
2024-12-31 14:10:37,996 - INFO - PL_lr: epoch:10lr5e-05
2024-12-31 14:11:26,850 - INFO - -------Train Acc --------------------
2024-12-31 14:11:26,850 - INFO - PL epoch:11  accuracy: 0.9883
2024-12-31 14:11:26,851 - INFO - NL epoch:11  accuracy: 0.8870
2024-12-31 14:11:33,311 - INFO - ---------------------Test -----------------------
2024-12-31 14:11:33,311 - INFO - NL - Total accuracy of the network on the test images: 0.8602 
2024-12-31 14:11:39,630 - INFO - ---------------------Test -----------------------
2024-12-31 14:11:39,630 - INFO - PL - Total accuracy of the network on the test images: 0.8879 
2024-12-31 14:11:39,635 - INFO - NL_lr: epoch:11lr5e-05
2024-12-31 14:11:39,636 - INFO - PL_lr: epoch:11lr5e-05
2024-12-31 14:12:27,698 - INFO - -------Train Acc --------------------
2024-12-31 14:12:27,698 - INFO - PL epoch:12  accuracy: 0.9872
2024-12-31 14:12:27,698 - INFO - NL epoch:12  accuracy: 0.8900
2024-12-31 14:12:33,550 - INFO - ---------------------Test -----------------------
2024-12-31 14:12:33,550 - INFO - NL - Total accuracy of the network on the test images: 0.8621 
2024-12-31 14:12:39,482 - INFO - ---------------------Test -----------------------
2024-12-31 14:12:39,483 - INFO - PL - Total accuracy of the network on the test images: 0.8937 
2024-12-31 14:12:39,488 - INFO - NL_lr: epoch:12lr5e-06
2024-12-31 14:12:39,488 - INFO - PL_lr: epoch:12lr5e-06
2024-12-31 14:13:28,463 - INFO - -------Train Acc --------------------
2024-12-31 14:13:28,463 - INFO - PL epoch:13  accuracy: 0.9905
2024-12-31 14:13:28,463 - INFO - NL epoch:13  accuracy: 0.8977
2024-12-31 14:13:34,704 - INFO - ---------------------Test -----------------------
2024-12-31 14:13:34,704 - INFO - NL - Total accuracy of the network on the test images: 0.8644 
2024-12-31 14:13:40,978 - INFO - ---------------------Test -----------------------
2024-12-31 14:13:40,978 - INFO - PL - Total accuracy of the network on the test images: 0.8941 
2024-12-31 14:13:40,985 - INFO - NL_lr: epoch:13lr5e-06
2024-12-31 14:13:40,985 - INFO - PL_lr: epoch:13lr5e-06
2024-12-31 14:14:29,940 - INFO - -------Train Acc --------------------
2024-12-31 14:14:29,940 - INFO - PL epoch:14  accuracy: 0.9903
2024-12-31 14:14:29,940 - INFO - NL epoch:14  accuracy: 0.9020
2024-12-31 14:14:36,280 - INFO - ---------------------Test -----------------------
2024-12-31 14:14:36,280 - INFO - NL - Total accuracy of the network on the test images: 0.8647 
2024-12-31 14:14:42,611 - INFO - ---------------------Test -----------------------
2024-12-31 14:14:42,611 - INFO - PL - Total accuracy of the network on the test images: 0.8944 
2024-12-31 14:14:42,617 - INFO - NL_lr: epoch:14lr5e-06
2024-12-31 14:14:42,618 - INFO - PL_lr: epoch:14lr5e-06
2024-12-31 14:15:32,304 - INFO - -------Train Acc --------------------
2024-12-31 14:15:32,304 - INFO - PL epoch:15  accuracy: 0.9908
2024-12-31 14:15:32,304 - INFO - NL epoch:15  accuracy: 0.8990
2024-12-31 14:15:38,618 - INFO - ---------------------Test -----------------------
2024-12-31 14:15:38,619 - INFO - NL - Total accuracy of the network on the test images: 0.8654 
2024-12-31 14:15:45,097 - INFO - ---------------------Test -----------------------
2024-12-31 14:15:45,097 - INFO - PL - Total accuracy of the network on the test images: 0.8937 
2024-12-31 14:15:45,104 - INFO - Best PL test accuracy: 0.8944
2024-12-31 14:15:45,104 - INFO - Best NL test accuracy: 0.8654
2024-12-31 14:15:45,104 - INFO - Finished Training
