2024-12-31 12:41:55,859 - INFO - NL_lr: epoch:0lr0.0005
2024-12-31 12:41:55,859 - INFO - PL_lr: epoch:0lr0.0005
2024-12-31 12:42:39,091 - INFO - -------Train Acc --------------------
2024-12-31 12:42:39,091 - INFO - PL epoch:1  accuracy: 0.7631
2024-12-31 12:42:39,091 - INFO - NL epoch:1  accuracy: 0.6898
2024-12-31 12:42:44,756 - INFO - ---------------------Test -----------------------
2024-12-31 12:42:44,756 - INFO - NL - Total accuracy of the network on the test images: 0.7924 
2024-12-31 12:42:50,547 - INFO - ---------------------Test -----------------------
2024-12-31 12:42:50,547 - INFO - PL - Total accuracy of the network on the test images: 0.8357 
2024-12-31 12:42:50,557 - INFO - NL_lr: epoch:1lr0.0005
2024-12-31 12:42:50,558 - INFO - PL_lr: epoch:1lr0.0005
2024-12-31 12:43:36,061 - INFO - -------Train Acc --------------------
2024-12-31 12:43:36,061 - INFO - PL epoch:2  accuracy: 0.8296
2024-12-31 12:43:36,061 - INFO - NL epoch:2  accuracy: 0.7561
2024-12-31 12:43:42,440 - INFO - ---------------------Test -----------------------
2024-12-31 12:43:42,440 - INFO - NL - Total accuracy of the network on the test images: 0.7885 
2024-12-31 12:43:48,693 - INFO - ---------------------Test -----------------------
2024-12-31 12:43:48,693 - INFO - PL - Total accuracy of the network on the test images: 0.8429 
2024-12-31 12:43:48,702 - INFO - NL_lr: epoch:2lr0.0005
2024-12-31 12:43:48,703 - INFO - PL_lr: epoch:2lr0.0005
2024-12-31 12:44:38,337 - INFO - -------Train Acc --------------------
2024-12-31 12:44:38,337 - INFO - PL epoch:3  accuracy: 0.8750
2024-12-31 12:44:38,337 - INFO - NL epoch:3  accuracy: 0.7937
2024-12-31 12:44:44,698 - INFO - ---------------------Test -----------------------
2024-12-31 12:44:44,698 - INFO - NL - Total accuracy of the network on the test images: 0.8080 
2024-12-31 12:44:51,030 - INFO - ---------------------Test -----------------------
2024-12-31 12:44:51,030 - INFO - PL - Total accuracy of the network on the test images: 0.8468 
2024-12-31 12:44:51,035 - INFO - NL_lr: epoch:3lr0.0005
2024-12-31 12:44:51,035 - INFO - PL_lr: epoch:3lr0.0005
2024-12-31 12:45:40,586 - INFO - -------Train Acc --------------------
2024-12-31 12:45:40,586 - INFO - PL epoch:4  accuracy: 0.8906
2024-12-31 12:45:40,586 - INFO - NL epoch:4  accuracy: 0.8112
2024-12-31 12:45:46,958 - INFO - ---------------------Test -----------------------
2024-12-31 12:45:46,958 - INFO - NL - Total accuracy of the network on the test images: 0.8286 
2024-12-31 12:45:53,228 - INFO - ---------------------Test -----------------------
2024-12-31 12:45:53,228 - INFO - PL - Total accuracy of the network on the test images: 0.8673 
2024-12-31 12:45:53,238 - INFO - NL_lr: epoch:4lr0.0005
2024-12-31 12:45:53,239 - INFO - PL_lr: epoch:4lr0.0005
2024-12-31 12:46:42,469 - INFO - -------Train Acc --------------------
2024-12-31 12:46:42,469 - INFO - PL epoch:5  accuracy: 0.9148
2024-12-31 12:46:42,469 - INFO - NL epoch:5  accuracy: 0.8319
2024-12-31 12:46:49,009 - INFO - ---------------------Test -----------------------
2024-12-31 12:46:49,010 - INFO - NL - Total accuracy of the network on the test images: 0.8237 
2024-12-31 12:46:55,486 - INFO - ---------------------Test -----------------------
2024-12-31 12:46:55,486 - INFO - PL - Total accuracy of the network on the test images: 0.8611 
2024-12-31 12:46:55,491 - INFO - NL_lr: epoch:5lr0.0005
2024-12-31 12:46:55,491 - INFO - PL_lr: epoch:5lr0.0005
2024-12-31 12:47:45,075 - INFO - -------Train Acc --------------------
2024-12-31 12:47:45,075 - INFO - PL epoch:6  accuracy: 0.9328
2024-12-31 12:47:45,075 - INFO - NL epoch:6  accuracy: 0.8423
2024-12-31 12:47:51,491 - INFO - ---------------------Test -----------------------
2024-12-31 12:47:51,491 - INFO - NL - Total accuracy of the network on the test images: 0.8338 
2024-12-31 12:47:57,830 - INFO - ---------------------Test -----------------------
2024-12-31 12:47:57,830 - INFO - PL - Total accuracy of the network on the test images: 0.8680 
2024-12-31 12:47:57,835 - INFO - NL_lr: epoch:6lr5e-05
2024-12-31 12:47:57,835 - INFO - PL_lr: epoch:6lr5e-05
2024-12-31 12:48:46,992 - INFO - -------Train Acc --------------------
2024-12-31 12:48:46,993 - INFO - PL epoch:7  accuracy: 0.9685
2024-12-31 12:48:46,993 - INFO - NL epoch:7  accuracy: 0.8774
2024-12-31 12:48:53,440 - INFO - ---------------------Test -----------------------
2024-12-31 12:48:53,440 - INFO - NL - Total accuracy of the network on the test images: 0.8517 
2024-12-31 12:48:59,777 - INFO - ---------------------Test -----------------------
2024-12-31 12:48:59,777 - INFO - PL - Total accuracy of the network on the test images: 0.8885 
2024-12-31 12:48:59,783 - INFO - NL_lr: epoch:7lr5e-05
2024-12-31 12:48:59,783 - INFO - PL_lr: epoch:7lr5e-05
2024-12-31 12:49:49,342 - INFO - -------Train Acc --------------------
2024-12-31 12:49:49,342 - INFO - PL epoch:8  accuracy: 0.9781
2024-12-31 12:49:49,342 - INFO - NL epoch:8  accuracy: 0.8906
2024-12-31 12:49:55,784 - INFO - ---------------------Test -----------------------
2024-12-31 12:49:55,784 - INFO - NL - Total accuracy of the network on the test images: 0.8628 
2024-12-31 12:50:02,135 - INFO - ---------------------Test -----------------------
2024-12-31 12:50:02,135 - INFO - PL - Total accuracy of the network on the test images: 0.8911 
2024-12-31 12:50:02,142 - INFO - NL_lr: epoch:8lr5e-05
2024-12-31 12:50:02,143 - INFO - PL_lr: epoch:8lr5e-05
2024-12-31 12:50:52,075 - INFO - -------Train Acc --------------------
2024-12-31 12:50:52,075 - INFO - PL epoch:9  accuracy: 0.9819
2024-12-31 12:50:52,075 - INFO - NL epoch:9  accuracy: 0.8923
2024-12-31 12:50:58,512 - INFO - ---------------------Test -----------------------
2024-12-31 12:50:58,513 - INFO - NL - Total accuracy of the network on the test images: 0.8667 
2024-12-31 12:51:04,916 - INFO - ---------------------Test -----------------------
2024-12-31 12:51:04,916 - INFO - PL - Total accuracy of the network on the test images: 0.8931 
2024-12-31 12:51:04,924 - INFO - NL_lr: epoch:9lr5e-05
2024-12-31 12:51:04,924 - INFO - PL_lr: epoch:9lr5e-05
2024-12-31 12:51:54,986 - INFO - -------Train Acc --------------------
2024-12-31 12:51:54,986 - INFO - PL epoch:10  accuracy: 0.9837
2024-12-31 12:51:54,986 - INFO - NL epoch:10  accuracy: 0.9012
2024-12-31 12:52:01,349 - INFO - ---------------------Test -----------------------
2024-12-31 12:52:01,349 - INFO - NL - Total accuracy of the network on the test images: 0.8683 
2024-12-31 12:52:07,702 - INFO - ---------------------Test -----------------------
2024-12-31 12:52:07,702 - INFO - PL - Total accuracy of the network on the test images: 0.8924 
2024-12-31 12:52:07,710 - INFO - NL_lr: epoch:10lr5e-05
2024-12-31 12:52:07,710 - INFO - PL_lr: epoch:10lr5e-05
2024-12-31 12:52:57,261 - INFO - -------Train Acc --------------------
2024-12-31 12:52:57,261 - INFO - PL epoch:11  accuracy: 0.9861
2024-12-31 12:52:57,261 - INFO - NL epoch:11  accuracy: 0.9044
2024-12-31 12:53:03,591 - INFO - ---------------------Test -----------------------
2024-12-31 12:53:03,591 - INFO - NL - Total accuracy of the network on the test images: 0.8696 
2024-12-31 12:53:10,023 - INFO - ---------------------Test -----------------------
2024-12-31 12:53:10,023 - INFO - PL - Total accuracy of the network on the test images: 0.8905 
2024-12-31 12:53:10,031 - INFO - NL_lr: epoch:11lr5e-05
2024-12-31 12:53:10,031 - INFO - PL_lr: epoch:11lr5e-05
2024-12-31 12:53:59,404 - INFO - -------Train Acc --------------------
2024-12-31 12:53:59,405 - INFO - PL epoch:12  accuracy: 0.9875
2024-12-31 12:53:59,405 - INFO - NL epoch:12  accuracy: 0.9073
2024-12-31 12:54:05,903 - INFO - ---------------------Test -----------------------
2024-12-31 12:54:05,903 - INFO - NL - Total accuracy of the network on the test images: 0.8713 
2024-12-31 12:54:12,289 - INFO - ---------------------Test -----------------------
2024-12-31 12:54:12,289 - INFO - PL - Total accuracy of the network on the test images: 0.8960 
2024-12-31 12:54:12,293 - INFO - best model saved!
2024-12-31 12:54:12,293 - INFO - NL_lr: epoch:12lr5e-06
2024-12-31 12:54:12,293 - INFO - PL_lr: epoch:12lr5e-06
2024-12-31 12:55:02,085 - INFO - -------Train Acc --------------------
2024-12-31 12:55:02,085 - INFO - PL epoch:13  accuracy: 0.9897
2024-12-31 12:55:02,085 - INFO - NL epoch:13  accuracy: 0.9143
2024-12-31 12:55:08,523 - INFO - ---------------------Test -----------------------
2024-12-31 12:55:08,523 - INFO - NL - Total accuracy of the network on the test images: 0.8726 
2024-12-31 12:55:14,861 - INFO - ---------------------Test -----------------------
2024-12-31 12:55:14,861 - INFO - PL - Total accuracy of the network on the test images: 0.8957 
2024-12-31 12:55:14,865 - INFO - NL_lr: epoch:13lr5e-06
2024-12-31 12:55:14,865 - INFO - PL_lr: epoch:13lr5e-06
2024-12-31 12:56:04,745 - INFO - -------Train Acc --------------------
2024-12-31 12:56:04,746 - INFO - PL epoch:14  accuracy: 0.9900
2024-12-31 12:56:04,746 - INFO - NL epoch:14  accuracy: 0.9167
2024-12-31 12:56:11,115 - INFO - ---------------------Test -----------------------
2024-12-31 12:56:11,115 - INFO - NL - Total accuracy of the network on the test images: 0.8722 
2024-12-31 12:56:17,370 - INFO - ---------------------Test -----------------------
2024-12-31 12:56:17,370 - INFO - PL - Total accuracy of the network on the test images: 0.8957 
2024-12-31 12:56:17,375 - INFO - NL_lr: epoch:14lr5e-06
2024-12-31 12:56:17,375 - INFO - PL_lr: epoch:14lr5e-06
2024-12-31 12:57:07,307 - INFO - -------Train Acc --------------------
2024-12-31 12:57:07,307 - INFO - PL epoch:15  accuracy: 0.9897
2024-12-31 12:57:07,307 - INFO - NL epoch:15  accuracy: 0.9166
2024-12-31 12:57:13,759 - INFO - ---------------------Test -----------------------
2024-12-31 12:57:13,759 - INFO - NL - Total accuracy of the network on the test images: 0.8719 
2024-12-31 12:57:20,193 - INFO - ---------------------Test -----------------------
2024-12-31 12:57:20,193 - INFO - PL - Total accuracy of the network on the test images: 0.8954 
2024-12-31 12:57:20,201 - INFO - Best PL test accuracy: 0.8960
2024-12-31 12:57:20,201 - INFO - Best NL test accuracy: 0.8726
2024-12-31 12:57:20,201 - INFO - Finished Training
2025-01-10 12:21:43,532 - INFO - NL_lr: epoch:0lr0.0005
2025-01-10 12:21:43,582 - INFO - PL_lr: epoch:0lr0.0005
2025-01-10 12:23:01,868 - INFO - -------Train Acc --------------------
2025-01-10 12:23:01,869 - INFO - PL epoch:1  accuracy: 0.7545
2025-01-10 12:23:01,869 - INFO - NL epoch:1  accuracy: 0.6894
2025-01-10 12:23:09,961 - INFO - ---------------------Test -----------------------
2025-01-10 12:23:09,961 - INFO - NL - Total accuracy of the network on the test images: 0.8057 
2025-01-10 12:23:16,365 - INFO - ---------------------Test -----------------------
2025-01-10 12:23:16,366 - INFO - PL - Total accuracy of the network on the test images: 0.8488 
2025-01-10 12:23:16,377 - INFO - best model saved!
2025-01-10 12:23:16,377 - INFO - NL_lr: epoch:1lr0.0005
2025-01-10 12:23:16,377 - INFO - PL_lr: epoch:1lr0.0005
2025-01-10 12:24:20,545 - INFO - -------Train Acc --------------------
2025-01-10 12:24:20,545 - INFO - PL epoch:2  accuracy: 0.8266
2025-01-10 12:24:20,545 - INFO - NL epoch:2  accuracy: 0.7458
2025-01-10 12:24:26,812 - INFO - ---------------------Test -----------------------
2025-01-10 12:24:26,812 - INFO - NL - Total accuracy of the network on the test images: 0.7953 
2025-01-10 12:24:33,141 - INFO - ---------------------Test -----------------------
2025-01-10 12:24:33,141 - INFO - PL - Total accuracy of the network on the test images: 0.8357 
2025-01-10 12:24:33,145 - INFO - NL_lr: epoch:2lr0.0005
2025-01-10 12:24:33,145 - INFO - PL_lr: epoch:2lr0.0005
2025-01-10 12:25:36,181 - INFO - -------Train Acc --------------------
2025-01-10 12:25:36,181 - INFO - PL epoch:3  accuracy: 0.8722
2025-01-10 12:25:36,181 - INFO - NL epoch:3  accuracy: 0.7891
2025-01-10 12:25:42,418 - INFO - ---------------------Test -----------------------
2025-01-10 12:25:42,418 - INFO - NL - Total accuracy of the network on the test images: 0.8083 
2025-01-10 12:25:48,755 - INFO - ---------------------Test -----------------------
2025-01-10 12:25:48,792 - INFO - PL - Total accuracy of the network on the test images: 0.8507 
2025-01-10 12:25:48,797 - INFO - best model saved!
2025-01-10 12:25:48,797 - INFO - NL_lr: epoch:3lr0.0005
2025-01-10 12:25:48,797 - INFO - PL_lr: epoch:3lr0.0005
2025-01-10 12:26:51,844 - INFO - -------Train Acc --------------------
2025-01-10 12:26:51,844 - INFO - PL epoch:4  accuracy: 0.8950
2025-01-10 12:26:51,844 - INFO - NL epoch:4  accuracy: 0.8060
2025-01-10 12:26:58,225 - INFO - ---------------------Test -----------------------
2025-01-10 12:26:58,225 - INFO - NL - Total accuracy of the network on the test images: 0.8256 
2025-01-10 12:27:04,534 - INFO - ---------------------Test -----------------------
2025-01-10 12:27:04,534 - INFO - PL - Total accuracy of the network on the test images: 0.8501 
2025-01-10 12:27:04,542 - INFO - NL_lr: epoch:4lr0.0005
2025-01-10 12:27:04,542 - INFO - PL_lr: epoch:4lr0.0005
2025-01-10 12:28:06,970 - INFO - -------Train Acc --------------------
2025-01-10 12:28:06,970 - INFO - PL epoch:5  accuracy: 0.9121
2025-01-10 12:28:06,970 - INFO - NL epoch:5  accuracy: 0.8258
2025-01-10 12:28:13,096 - INFO - ---------------------Test -----------------------
2025-01-10 12:28:13,096 - INFO - NL - Total accuracy of the network on the test images: 0.8184 
2025-01-10 12:28:19,392 - INFO - ---------------------Test -----------------------
2025-01-10 12:28:19,392 - INFO - PL - Total accuracy of the network on the test images: 0.8644 
2025-01-10 12:28:19,398 - INFO - best model saved!
2025-01-10 12:28:19,398 - INFO - NL_lr: epoch:5lr0.0005
2025-01-10 12:28:19,398 - INFO - PL_lr: epoch:5lr0.0005
2025-01-10 12:29:22,312 - INFO - -------Train Acc --------------------
2025-01-10 12:29:22,312 - INFO - PL epoch:6  accuracy: 0.9369
2025-01-10 12:29:22,312 - INFO - NL epoch:6  accuracy: 0.8441
2025-01-10 12:29:28,554 - INFO - ---------------------Test -----------------------
2025-01-10 12:29:28,554 - INFO - NL - Total accuracy of the network on the test images: 0.8357 
2025-01-10 12:29:34,869 - INFO - ---------------------Test -----------------------
2025-01-10 12:29:34,869 - INFO - PL - Total accuracy of the network on the test images: 0.8563 
2025-01-10 12:29:34,879 - INFO - NL_lr: epoch:6lr5e-05
2025-01-10 12:29:34,880 - INFO - PL_lr: epoch:6lr5e-05
2025-01-10 12:30:37,926 - INFO - -------Train Acc --------------------
2025-01-10 12:30:37,926 - INFO - PL epoch:7  accuracy: 0.9681
2025-01-10 12:30:37,926 - INFO - NL epoch:7  accuracy: 0.8817
2025-01-10 12:30:44,097 - INFO - ---------------------Test -----------------------
2025-01-10 12:30:44,097 - INFO - NL - Total accuracy of the network on the test images: 0.8602 
2025-01-10 12:30:50,427 - INFO - ---------------------Test -----------------------
2025-01-10 12:30:50,428 - INFO - PL - Total accuracy of the network on the test images: 0.8869 
2025-01-10 12:30:50,432 - INFO - best model saved!
2025-01-10 12:30:50,432 - INFO - NL_lr: epoch:7lr5e-05
2025-01-10 12:30:50,432 - INFO - PL_lr: epoch:7lr5e-05
2025-01-10 12:31:53,134 - INFO - -------Train Acc --------------------
2025-01-10 12:31:53,134 - INFO - PL epoch:8  accuracy: 0.9776
2025-01-10 12:31:53,134 - INFO - NL epoch:8  accuracy: 0.8867
2025-01-10 12:31:59,347 - INFO - ---------------------Test -----------------------
2025-01-10 12:31:59,347 - INFO - NL - Total accuracy of the network on the test images: 0.8611 
2025-01-10 12:32:05,655 - INFO - ---------------------Test -----------------------
2025-01-10 12:32:05,655 - INFO - PL - Total accuracy of the network on the test images: 0.8882 
2025-01-10 12:32:05,664 - INFO - best model saved!
2025-01-10 12:32:05,664 - INFO - NL_lr: epoch:8lr5e-05
2025-01-10 12:32:05,664 - INFO - PL_lr: epoch:8lr5e-05
2025-01-10 12:33:08,418 - INFO - -------Train Acc --------------------
2025-01-10 12:33:08,418 - INFO - PL epoch:9  accuracy: 0.9792
2025-01-10 12:33:08,418 - INFO - NL epoch:9  accuracy: 0.8924
2025-01-10 12:33:14,632 - INFO - ---------------------Test -----------------------
2025-01-10 12:33:14,651 - INFO - NL - Total accuracy of the network on the test images: 0.8611 
2025-01-10 12:33:20,974 - INFO - ---------------------Test -----------------------
2025-01-10 12:33:20,975 - INFO - PL - Total accuracy of the network on the test images: 0.8921 
2025-01-10 12:33:20,980 - INFO - best model saved!
2025-01-10 12:33:20,981 - INFO - NL_lr: epoch:9lr5e-05
2025-01-10 12:33:20,981 - INFO - PL_lr: epoch:9lr5e-05
2025-01-10 12:34:23,488 - INFO - -------Train Acc --------------------
2025-01-10 12:34:23,488 - INFO - PL epoch:10  accuracy: 0.9828
2025-01-10 12:34:23,488 - INFO - NL epoch:10  accuracy: 0.9009
2025-01-10 12:34:29,891 - INFO - ---------------------Test -----------------------
2025-01-10 12:34:29,891 - INFO - NL - Total accuracy of the network on the test images: 0.8693 
2025-01-10 12:34:36,202 - INFO - ---------------------Test -----------------------
2025-01-10 12:34:36,202 - INFO - PL - Total accuracy of the network on the test images: 0.8908 
2025-01-10 12:34:36,209 - INFO - NL_lr: epoch:10lr5e-05
2025-01-10 12:34:36,209 - INFO - PL_lr: epoch:10lr5e-05
2025-01-10 12:35:40,029 - INFO - -------Train Acc --------------------
2025-01-10 12:35:40,029 - INFO - PL epoch:11  accuracy: 0.9857
2025-01-10 12:35:40,029 - INFO - NL epoch:11  accuracy: 0.9026
2025-01-10 12:35:46,322 - INFO - ---------------------Test -----------------------
2025-01-10 12:35:46,322 - INFO - NL - Total accuracy of the network on the test images: 0.8651 
2025-01-10 12:35:52,663 - INFO - ---------------------Test -----------------------
2025-01-10 12:35:52,663 - INFO - PL - Total accuracy of the network on the test images: 0.8934 
2025-01-10 12:35:52,666 - INFO - best model saved!
2025-01-10 12:35:52,667 - INFO - NL_lr: epoch:11lr5e-05
2025-01-10 12:35:52,667 - INFO - PL_lr: epoch:11lr5e-05
2025-01-10 12:36:55,400 - INFO - -------Train Acc --------------------
2025-01-10 12:36:55,400 - INFO - PL epoch:12  accuracy: 0.9875
2025-01-10 12:36:55,400 - INFO - NL epoch:12  accuracy: 0.9078
2025-01-10 12:37:01,639 - INFO - ---------------------Test -----------------------
2025-01-10 12:37:01,639 - INFO - NL - Total accuracy of the network on the test images: 0.8657 
2025-01-10 12:37:07,969 - INFO - ---------------------Test -----------------------
2025-01-10 12:37:07,969 - INFO - PL - Total accuracy of the network on the test images: 0.8918 
2025-01-10 12:37:07,974 - INFO - NL_lr: epoch:12lr5e-06
2025-01-10 12:37:07,974 - INFO - PL_lr: epoch:12lr5e-06
2025-01-10 12:38:10,777 - INFO - -------Train Acc --------------------
2025-01-10 12:38:10,777 - INFO - PL epoch:13  accuracy: 0.9899
2025-01-10 12:38:10,777 - INFO - NL epoch:13  accuracy: 0.9170
2025-01-10 12:38:17,143 - INFO - ---------------------Test -----------------------
2025-01-10 12:38:17,143 - INFO - NL - Total accuracy of the network on the test images: 0.8706 
2025-01-10 12:38:23,419 - INFO - ---------------------Test -----------------------
2025-01-10 12:38:23,419 - INFO - PL - Total accuracy of the network on the test images: 0.8924 
2025-01-10 12:38:23,426 - INFO - NL_lr: epoch:13lr5e-06
2025-01-10 12:38:23,426 - INFO - PL_lr: epoch:13lr5e-06
2025-01-10 12:39:26,286 - INFO - -------Train Acc --------------------
2025-01-10 12:39:26,286 - INFO - PL epoch:14  accuracy: 0.9900
2025-01-10 12:39:26,286 - INFO - NL epoch:14  accuracy: 0.9158
2025-01-10 12:39:32,556 - INFO - ---------------------Test -----------------------
2025-01-10 12:39:32,556 - INFO - NL - Total accuracy of the network on the test images: 0.8722 
2025-01-10 12:39:38,934 - INFO - ---------------------Test -----------------------
2025-01-10 12:39:38,935 - INFO - PL - Total accuracy of the network on the test images: 0.8931 
2025-01-10 12:39:38,943 - INFO - NL_lr: epoch:14lr5e-06
2025-01-10 12:39:38,943 - INFO - PL_lr: epoch:14lr5e-06
2025-01-10 12:40:42,074 - INFO - -------Train Acc --------------------
2025-01-10 12:40:42,074 - INFO - PL epoch:15  accuracy: 0.9894
2025-01-10 12:40:42,074 - INFO - NL epoch:15  accuracy: 0.9165
2025-01-10 12:40:48,302 - INFO - ---------------------Test -----------------------
2025-01-10 12:40:48,302 - INFO - NL - Total accuracy of the network on the test images: 0.8719 
2025-01-10 12:40:54,666 - INFO - ---------------------Test -----------------------
2025-01-10 12:40:54,666 - INFO - PL - Total accuracy of the network on the test images: 0.8921 
2025-01-10 12:40:54,678 - INFO - Best PL test accuracy: 0.8934
2025-01-10 12:40:54,678 - INFO - Best NL test accuracy: 0.8722
2025-01-10 12:40:54,678 - INFO - Finished Training
