2024-12-31 13:13:04,804 - INFO - NL_lr: epoch:0lr0.0005
2024-12-31 13:13:04,804 - INFO - PL_lr: epoch:0lr0.0005
2024-12-31 13:13:54,914 - INFO - -------Train Acc --------------------
2024-12-31 13:13:54,914 - INFO - PL epoch:1  accuracy: 0.7629
2024-12-31 13:13:54,914 - INFO - NL epoch:1  accuracy: 0.6834
2024-12-31 13:14:01,358 - INFO - ---------------------Test -----------------------
2024-12-31 13:14:01,358 - INFO - NL - Total accuracy of the network on the test images: 0.7846 
2024-12-31 13:14:07,618 - INFO - ---------------------Test -----------------------
2024-12-31 13:14:07,619 - INFO - PL - Total accuracy of the network on the test images: 0.8240 
2024-12-31 13:14:07,628 - INFO - NL_lr: epoch:1lr0.0005
2024-12-31 13:14:07,629 - INFO - PL_lr: epoch:1lr0.0005
2024-12-31 13:14:57,004 - INFO - -------Train Acc --------------------
2024-12-31 13:14:57,004 - INFO - PL epoch:2  accuracy: 0.8291
2024-12-31 13:14:57,004 - INFO - NL epoch:2  accuracy: 0.7383
2024-12-31 13:15:03,377 - INFO - ---------------------Test -----------------------
2024-12-31 13:15:03,378 - INFO - NL - Total accuracy of the network on the test images: 0.7669 
2024-12-31 13:15:09,644 - INFO - ---------------------Test -----------------------
2024-12-31 13:15:09,645 - INFO - PL - Total accuracy of the network on the test images: 0.8449 
2024-12-31 13:15:09,655 - INFO - NL_lr: epoch:2lr0.0005
2024-12-31 13:15:09,655 - INFO - PL_lr: epoch:2lr0.0005
2024-12-31 13:15:59,412 - INFO - -------Train Acc --------------------
2024-12-31 13:15:59,412 - INFO - PL epoch:3  accuracy: 0.8736
2024-12-31 13:15:59,412 - INFO - NL epoch:3  accuracy: 0.7867
2024-12-31 13:16:05,907 - INFO - ---------------------Test -----------------------
2024-12-31 13:16:05,907 - INFO - NL - Total accuracy of the network on the test images: 0.8103 
2024-12-31 13:16:12,266 - INFO - ---------------------Test -----------------------
2024-12-31 13:16:12,266 - INFO - PL - Total accuracy of the network on the test images: 0.8546 
2024-12-31 13:16:12,268 - INFO - NL_lr: epoch:3lr0.0005
2024-12-31 13:16:12,269 - INFO - PL_lr: epoch:3lr0.0005
2024-12-31 13:17:01,911 - INFO - -------Train Acc --------------------
2024-12-31 13:17:01,911 - INFO - PL epoch:4  accuracy: 0.8960
2024-12-31 13:17:01,911 - INFO - NL epoch:4  accuracy: 0.8123
2024-12-31 13:17:08,318 - INFO - ---------------------Test -----------------------
2024-12-31 13:17:08,318 - INFO - NL - Total accuracy of the network on the test images: 0.8318 
2024-12-31 13:17:14,748 - INFO - ---------------------Test -----------------------
2024-12-31 13:17:14,748 - INFO - PL - Total accuracy of the network on the test images: 0.8504 
2024-12-31 13:17:14,759 - INFO - NL_lr: epoch:4lr0.0005
2024-12-31 13:17:14,759 - INFO - PL_lr: epoch:4lr0.0005
2024-12-31 13:18:04,239 - INFO - -------Train Acc --------------------
2024-12-31 13:18:04,239 - INFO - PL epoch:5  accuracy: 0.9156
2024-12-31 13:18:04,239 - INFO - NL epoch:5  accuracy: 0.8244
2024-12-31 13:18:10,637 - INFO - ---------------------Test -----------------------
2024-12-31 13:18:10,638 - INFO - NL - Total accuracy of the network on the test images: 0.8090 
2024-12-31 13:18:17,107 - INFO - ---------------------Test -----------------------
2024-12-31 13:18:17,107 - INFO - PL - Total accuracy of the network on the test images: 0.8638 
2024-12-31 13:18:17,112 - INFO - NL_lr: epoch:5lr0.0005
2024-12-31 13:18:17,113 - INFO - PL_lr: epoch:5lr0.0005
2024-12-31 13:19:06,434 - INFO - -------Train Acc --------------------
2024-12-31 13:19:06,434 - INFO - PL epoch:6  accuracy: 0.9322
2024-12-31 13:19:06,434 - INFO - NL epoch:6  accuracy: 0.8372
2024-12-31 13:19:12,840 - INFO - ---------------------Test -----------------------
2024-12-31 13:19:12,840 - INFO - NL - Total accuracy of the network on the test images: 0.8318 
2024-12-31 13:19:19,290 - INFO - ---------------------Test -----------------------
2024-12-31 13:19:19,291 - INFO - PL - Total accuracy of the network on the test images: 0.8621 
2024-12-31 13:19:19,295 - INFO - NL_lr: epoch:6lr5e-05
2024-12-31 13:19:19,296 - INFO - PL_lr: epoch:6lr5e-05
2024-12-31 13:20:09,329 - INFO - -------Train Acc --------------------
2024-12-31 13:20:09,329 - INFO - PL epoch:7  accuracy: 0.9686
2024-12-31 13:20:09,329 - INFO - NL epoch:7  accuracy: 0.8710
2024-12-31 13:20:15,834 - INFO - ---------------------Test -----------------------
2024-12-31 13:20:15,835 - INFO - NL - Total accuracy of the network on the test images: 0.8569 
2024-12-31 13:20:22,330 - INFO - ---------------------Test -----------------------
2024-12-31 13:20:22,330 - INFO - PL - Total accuracy of the network on the test images: 0.8905 
2024-12-31 13:20:22,339 - INFO - NL_lr: epoch:7lr5e-05
2024-12-31 13:20:22,339 - INFO - PL_lr: epoch:7lr5e-05
2024-12-31 13:21:12,324 - INFO - -------Train Acc --------------------
2024-12-31 13:21:12,324 - INFO - PL epoch:8  accuracy: 0.9779
2024-12-31 13:21:12,324 - INFO - NL epoch:8  accuracy: 0.8848
2024-12-31 13:21:18,721 - INFO - ---------------------Test -----------------------
2024-12-31 13:21:18,721 - INFO - NL - Total accuracy of the network on the test images: 0.8595 
2024-12-31 13:21:25,071 - INFO - ---------------------Test -----------------------
2024-12-31 13:21:25,071 - INFO - PL - Total accuracy of the network on the test images: 0.8937 
2024-12-31 13:21:25,079 - INFO - NL_lr: epoch:8lr5e-05
2024-12-31 13:21:25,079 - INFO - PL_lr: epoch:8lr5e-05
2024-12-31 13:22:14,883 - INFO - -------Train Acc --------------------
2024-12-31 13:22:14,883 - INFO - PL epoch:9  accuracy: 0.9821
2024-12-31 13:22:14,883 - INFO - NL epoch:9  accuracy: 0.8872
2024-12-31 13:22:21,414 - INFO - ---------------------Test -----------------------
2024-12-31 13:22:21,414 - INFO - NL - Total accuracy of the network on the test images: 0.8615 
2024-12-31 13:22:27,941 - INFO - ---------------------Test -----------------------
2024-12-31 13:22:27,941 - INFO - PL - Total accuracy of the network on the test images: 0.8898 
2024-12-31 13:22:27,948 - INFO - NL_lr: epoch:9lr5e-05
2024-12-31 13:22:27,948 - INFO - PL_lr: epoch:9lr5e-05
2024-12-31 13:23:18,366 - INFO - -------Train Acc --------------------
2024-12-31 13:23:18,366 - INFO - PL epoch:10  accuracy: 0.9833
2024-12-31 13:23:18,367 - INFO - NL epoch:10  accuracy: 0.8906
2024-12-31 13:23:24,835 - INFO - ---------------------Test -----------------------
2024-12-31 13:23:24,835 - INFO - NL - Total accuracy of the network on the test images: 0.8638 
2024-12-31 13:23:31,215 - INFO - ---------------------Test -----------------------
2024-12-31 13:23:31,215 - INFO - PL - Total accuracy of the network on the test images: 0.8892 
2024-12-31 13:23:31,224 - INFO - NL_lr: epoch:10lr5e-05
2024-12-31 13:23:31,224 - INFO - PL_lr: epoch:10lr5e-05
2024-12-31 13:24:21,300 - INFO - -------Train Acc --------------------
2024-12-31 13:24:21,300 - INFO - PL epoch:11  accuracy: 0.9855
2024-12-31 13:24:21,300 - INFO - NL epoch:11  accuracy: 0.8984
2024-12-31 13:24:27,720 - INFO - ---------------------Test -----------------------
2024-12-31 13:24:27,720 - INFO - NL - Total accuracy of the network on the test images: 0.8657 
2024-12-31 13:24:34,185 - INFO - ---------------------Test -----------------------
2024-12-31 13:24:34,185 - INFO - PL - Total accuracy of the network on the test images: 0.8879 
2024-12-31 13:24:34,192 - INFO - NL_lr: epoch:11lr5e-05
2024-12-31 13:24:34,192 - INFO - PL_lr: epoch:11lr5e-05
2024-12-31 13:25:24,482 - INFO - -------Train Acc --------------------
2024-12-31 13:25:24,482 - INFO - PL epoch:12  accuracy: 0.9874
2024-12-31 13:25:24,482 - INFO - NL epoch:12  accuracy: 0.9037
2024-12-31 13:25:30,822 - INFO - ---------------------Test -----------------------
2024-12-31 13:25:30,823 - INFO - NL - Total accuracy of the network on the test images: 0.8628 
2024-12-31 13:25:37,258 - INFO - ---------------------Test -----------------------
2024-12-31 13:25:37,259 - INFO - PL - Total accuracy of the network on the test images: 0.8915 
2024-12-31 13:25:37,265 - INFO - NL_lr: epoch:12lr5e-06
2024-12-31 13:25:37,265 - INFO - PL_lr: epoch:12lr5e-06
2024-12-31 13:26:27,520 - INFO - -------Train Acc --------------------
2024-12-31 13:26:27,520 - INFO - PL epoch:13  accuracy: 0.9899
2024-12-31 13:26:27,520 - INFO - NL epoch:13  accuracy: 0.9084
2024-12-31 13:26:34,033 - INFO - ---------------------Test -----------------------
2024-12-31 13:26:34,033 - INFO - NL - Total accuracy of the network on the test images: 0.8703 
2024-12-31 13:26:40,434 - INFO - ---------------------Test -----------------------
2024-12-31 13:26:40,434 - INFO - PL - Total accuracy of the network on the test images: 0.8905 
2024-12-31 13:26:40,437 - INFO - NL_lr: epoch:13lr5e-06
2024-12-31 13:26:40,437 - INFO - PL_lr: epoch:13lr5e-06
2024-12-31 13:27:30,725 - INFO - -------Train Acc --------------------
2024-12-31 13:27:30,725 - INFO - PL epoch:14  accuracy: 0.9910
2024-12-31 13:27:30,725 - INFO - NL epoch:14  accuracy: 0.9109
2024-12-31 13:27:37,295 - INFO - ---------------------Test -----------------------
2024-12-31 13:27:37,295 - INFO - NL - Total accuracy of the network on the test images: 0.8713 
2024-12-31 13:27:43,736 - INFO - ---------------------Test -----------------------
2024-12-31 13:27:43,736 - INFO - PL - Total accuracy of the network on the test images: 0.8911 
2024-12-31 13:27:43,748 - INFO - NL_lr: epoch:14lr5e-06
2024-12-31 13:27:43,748 - INFO - PL_lr: epoch:14lr5e-06
2024-12-31 13:28:33,777 - INFO - -------Train Acc --------------------
2024-12-31 13:28:33,777 - INFO - PL epoch:15  accuracy: 0.9906
2024-12-31 13:28:33,777 - INFO - NL epoch:15  accuracy: 0.9103
2024-12-31 13:28:40,172 - INFO - ---------------------Test -----------------------
2024-12-31 13:28:40,172 - INFO - NL - Total accuracy of the network on the test images: 0.8722 
2024-12-31 13:28:46,576 - INFO - ---------------------Test -----------------------
2024-12-31 13:28:46,576 - INFO - PL - Total accuracy of the network on the test images: 0.8921 
2024-12-31 13:28:46,581 - INFO - Best PL test accuracy: 0.8937
2024-12-31 13:28:46,581 - INFO - Best NL test accuracy: 0.8722
2024-12-31 13:28:46,581 - INFO - Finished Training
